<?xml version="1.0" encoding="UTF-8"?>
<!-- Generated by org.testng.reporters.JUnitXMLReporter -->
<testsuite ignored="0" hostname="IBM-BS8T4D4" failures="0" tests="5" name="Default test" time="1.884" errors="0" timestamp="2026-01-07T10:21:15 IST">
  <testcase classname="com.ibm.climate.RestAssuredTestSelf" name="GetData" time="1.446"/>
  <testcase classname="com.ibm.climate.RestAssuredTestSelf" name="PostData" time="0.286"/>
  <testcase classname="com.ibm.climate.RestAssuredTestSelf" name="PutData" time="0.02"/>
  <testcase classname="com.ibm.climate.RestAssuredTestSelf" name="smallUpdate" time="0.025"/>
  <testcase classname="com.ibm.climate.RestAssuredTestSelf" name="DeleteData" time="0.055"/>
</testsuite> <!-- Default test -->
