<?xml version="1.0" encoding="UTF-8"?>
<!-- Generated by org.testng.reporters.JUnitReportReporter -->
<testsuite hostname="IBM-BS8T4D4" failures="0" tests="5" name="com.ibm.climate.RestAssuredTestSelf" time="1.832" errors="0" timestamp="2026-01-07T10:21:15 IST" skipped="0">
  <testcase classname="com.ibm.climate.RestAssuredTestSelf" name="GetData" time="1.446"/>
  <testcase classname="com.ibm.climate.RestAssuredTestSelf" name="DeleteData" time="0.055"/>
  <testcase classname="com.ibm.climate.RestAssuredTestSelf" name="smallUpdate" time="0.025"/>
  <testcase classname="com.ibm.climate.RestAssuredTestSelf" name="PostData" time="0.286"/>
  <testcase classname="com.ibm.climate.RestAssuredTestSelf" name="PutData" time="0.020"/>
</testsuite> <!-- com.ibm.climate.RestAssuredTestSelf -->
